#
# There is insufficient memory for the Java Runtime Environment to continue.
# Native memory allocation (malloc) failed to allocate 1048576 bytes for AllocateHeap
# Possible reasons:
#   The system is out of physical RAM or swap space
#   The process is running with CompressedOops enabled, and the Java Heap may be blocking the growth of the native heap
# Possible solutions:
#   Reduce memory load on the system
#   Increase physical memory or swap space
#   Check if swap backing store is full
#   Decrease Java heap size (-Xmx/-Xms)
#   Decrease number of Java threads
#   Decrease Java thread stack sizes (-Xss)
#   Set larger code cache with -XX:ReservedCodeCacheSize=
#   JVM is running with Unscaled Compressed Oops mode in which the Java heap is
#     placed in the first 4GB address space. The Java Heap base address is the
#     maximum limit for the native heap growth. Please use -XX:HeapBaseMinAddress
#     to set the Java Heap base and to place the Java Heap above 4GB virtual address.
# This output file may be truncated or incomplete.
#
#  Out of Memory Error (memory/allocation.inline.hpp:61), pid=11120, tid=0x0000000000004a6c
#
# JRE version:  (8.0_201-b09) (build )
# Java VM: Java HotSpot(TM) 64-Bit Server VM (25.201-b09 mixed mode windows-amd64 compressed oops)
# Failed to write core dump. Minidumps are not enabled by default on client versions of Windows
#

---------------  T H R E A D  ---------------

Current thread (0x00000000031f2800):  JavaThread "Unknown thread" [_thread_in_vm, id=19052, stack(0x0000000002f40000,0x0000000003040000)]

Stack: [0x0000000002f40000,0x0000000003040000]
[error occurred during error reporting (printing stack bounds), id 0xc0000005]

Native frames: (J=compiled Java code, j=interpreted, Vv=VM code, C=native code)


---------------  P R O C E S S  ---------------

Java Threads: ( => current thread )

Other Threads:

=>0x00000000031f2800 (exited) JavaThread "Unknown thread" [_thread_in_vm, id=19052, stack(0x0000000002f40000,0x0000000003040000)]

VM state:not at safepoint (normal execution)

VM Mutex/Monitor currently owned by a thread: None

heap address: 0x00000000c1800000, size: 1000 MB, Compressed Oops mode: 32-bit
Narrow klass base: 0x0000000000000000, Narrow klass shift: 3
Compressed class space size: 1073741824 Address: 0x0000000100000000

Heap:
 PSYoungGen      total 18944K, used 327K [0x00000000eb300000, 0x00000000ec800000, 0x0000000100000000)
  eden space 16384K, 2% used [0x00000000eb300000,0x00000000eb351ec8,0x00000000ec300000)
  from space 2560K, 0% used [0x00000000ec580000,0x00000000ec580000,0x00000000ec800000)
  to   space 2560K, 0% used [0x00000000ec300000,0x00000000ec300000,0x00000000ec580000)
 ParOldGen       total 44032K, used 0K [0x00000000c1800000, 0x00000000c4300000, 0x00000000eb300000)
  object space 44032K, 0% used [0x00000000c1800000,0x00000000c1800000,0x00000000c4300000)
 Metaspace       used 786K, capacity 4480K, committed 4480K, reserved 1056768K
  class space    used 76K, capacity 384K, committed 384K, reserved 1048576K

Card table byte_map: [0x00000000126b0000,0x00000000128b0000] byte_map_base: 0x00000000120a4000

Marking Bits: (ParMarkBitMap*) 0x0000000074594ce0
 Begin Bits: [0x0000000012e00000, 0x0000000013da0000)
 End Bits:   [0x0000000013da0000, 0x0000000014d40000)

Polling page: 0x0000000002f10000

CodeCache: size=245760Kb used=328Kb max_used=328Kb free=245431Kb
 bounds [0x00000000032f0000, 0x0000000003560000, 0x00000000122f0000]
 total_blobs=58 nmethods=0 adapters=38
 compilation: enabled

Compilation events (0 events):
No events

GC Heap History (0 events):
No events

Deoptimization events (0 events):
No events

Classes redefined (0 events):
No events

Internal exceptions (0 events):
No events

Events (10 events):
Event: 3.882 loading class java/lang/Short
Event: 3.915 loading class java/lang/Short done
Event: 3.915 loading class java/lang/Integer
Event: 3.993 loading class java/lang/Integer done
Event: 3.993 loading class java/lang/Long
Event: 4.236 loading class java/lang/Long done
Event: 4.237 loading class java/lang/NullPointerException
Event: 4.237 loading class java/lang/NullPointerException done
Event: 4.237 loading class java/lang/ArithmeticException
Event: 4.238 loading class java/lang/ArithmeticException done


Dynamic libraries:
0x00007ff7ad290000 - 0x00007ff7ad2c7000 	C:\Program Files\Java\jdk1.8.0_201\bin\javaw.exe
0x00007ffa34a30000 - 0x00007ffa34c25000 	C:\WINDOWS\SYSTEM32\ntdll.dll
0x00007ffa34930000 - 0x00007ffa349ee000 	C:\WINDOWS\System32\KERNEL32.DLL
0x00007ffa32590000 - 0x00007ffa32858000 	C:\WINDOWS\System32\KERNELBASE.dll
0x00007ffa33230000 - 0x00007ffa332dc000 	C:\WINDOWS\System32\ADVAPI32.dll
0x00007ffa33000000 - 0x00007ffa3309e000 	C:\WINDOWS\System32\msvcrt.dll
0x00007ffa33f40000 - 0x00007ffa33fdb000 	C:\WINDOWS\System32\sechost.dll
0x00007ffa33100000 - 0x00007ffa3322a000 	C:\WINDOWS\System32\RPCRT4.dll
0x00007ffa33c70000 - 0x00007ffa33e11000 	C:\WINDOWS\System32\USER32.dll
0x00007ffa32190000 - 0x00007ffa321b2000 	C:\WINDOWS\System32\win32u.dll
0x00007ffa34090000 - 0x00007ffa340bb000 	C:\WINDOWS\System32\GDI32.dll
0x00007ffa32860000 - 0x00007ffa3296d000 	C:\WINDOWS\System32\gdi32full.dll
0x00007ffa32400000 - 0x00007ffa3249d000 	C:\WINDOWS\System32\msvcp_win.dll
0x00007ffa32970000 - 0x00007ffa32a70000 	C:\WINDOWS\System32\ucrtbase.dll
0x00007ffa26010000 - 0x00007ffa262aa000 	C:\WINDOWS\WinSxS\amd64_microsoft.windows.common-controls_6595b64144ccf1df_6.0.19041.1110_none_60b5254171f9507e\COMCTL32.dll
0x00007ffa33b80000 - 0x00007ffa33bb0000 	C:\WINDOWS\System32\IMM32.DLL
0x0000000076410000 - 0x00000000764e1000 	C:\Program Files\Java\jdk1.8.0_201\jre\bin\msvcr100.dll
0x0000000073d70000 - 0x0000000074614000 	C:\Program Files\Java\jdk1.8.0_201\jre\bin\server\jvm.dll
0x00007ffa33c60000 - 0x00007ffa33c68000 	C:\WINDOWS\System32\PSAPI.DLL
0x00007ffa1abb0000 - 0x00007ffa1abb9000 	C:\WINDOWS\SYSTEM32\WSOCK32.dll
0x00007ffa27220000 - 0x00007ffa27247000 	C:\WINDOWS\SYSTEM32\WINMM.dll
0x00007ffa33e20000 - 0x00007ffa33e8b000 	C:\WINDOWS\System32\WS2_32.dll
0x00007ffa27250000 - 0x00007ffa2725a000 	C:\WINDOWS\SYSTEM32\VERSION.dll
0x00007ffa2f040000 - 0x00007ffa2f04f000 	C:\Program Files\Java\jdk1.8.0_201\jre\bin\verify.dll
0x00007ffa2dca0000 - 0x00007ffa2dcc9000 	C:\Program Files\Java\jdk1.8.0_201\jre\bin\java.dll
0x00007ffa147c0000 - 0x00007ffa147f5000 	C:\Program Files\Java\jdk1.8.0_201\jre\bin\jdwp.dll
0x00007ffa2cb00000 - 0x00007ffa2cb08000 	C:\Program Files\Java\jdk1.8.0_201\jre\bin\npt.dll
0x00007ffa18030000 - 0x00007ffa18053000 	C:\Program Files\Java\jdk1.8.0_201\jre\bin\instrument.dll
0x00007ffa2efa0000 - 0x00007ffa2efb6000 	C:\Program Files\Java\jdk1.8.0_201\jre\bin\zip.dll

VM Arguments:
jvm_args: -agentlib:jdwp=transport=dt_socket,suspend=y,address=localhost:52316 -javaagent:C:\Users\Ashutosh\eclipse\java-2018-12\eclipse\configuration\org.eclipse.osgi\221\0\.cp\lib\javaagent-shaded.jar -Dfile.encoding=Cp1252 
java_command: atm.Main
java_class_path (initial): C:\Users\Ashutosh\Documents\New Ws\ATM\bin;C:\Users\Ashutosh\eclipse\java-2018-12\eclipse\configuration\org.eclipse.osgi\221\0\.cp\lib\javaagent-shaded.jar
Launcher Type: SUN_STANDARD

Environment Variables:
CLASSPATH=classpath=C:\bea\wlserver_10.3\server\lib\weblogic.jar;
PATH=C:\Program Files\Java\jdk1.8.0_201\jre\bin;C:/Program Files/Java/jdk1.8.0_201/bin/../jre/bin/server;C:/Program Files/Java/jdk1.8.0_201/bin/../jre/bin;C:/Program Files/Java/jdk1.8.0_201/bin/../jre/lib/amd64;C:\Program Files\Java\jdk1.8.0_201\bin;C:\WINDOWS\system32;C:\WINDOWS;C:\WINDOWS\System32\Wbem;C:\WINDOWS\System32\WindowsPowerShell\v1.0\;C:\WINDOWS\System32\OpenSSH\;C:\Program Files (x86)\Java\jdk1.6.0_23\bin;C:\Users\Ashutosh\AppData\Local\Microsoft\WindowsApps;;C:\WINDOWS\System32;
USERNAME=Ashutosh
OS=Windows_NT
PROCESSOR_IDENTIFIER=Intel64 Family 6 Model 69 Stepping 1, GenuineIntel



---------------  S Y S T E M  ---------------

OS: Windows 10.0 , 64 bit Build 19041 (10.0.19041.1348)

CPU:total 4 (initial active 4) (2 cores per cpu, 2 threads per core) family 6 model 69 stepping 1, cmov, cx8, fxsr, mmx, sse, sse2, sse3, ssse3, sse4.1, sse4.2, popcnt, avx, avx2, aes, clmul, erms, lzcnt, ht, tsc, tscinvbit, bmi1, bmi2

Memory: 4k page, physical 4095980k(275420k free), swap 16671188k(101184k free)

vm_info: Java HotSpot(TM) 64-Bit Server VM (25.201-b09) for windows-amd64 JRE (1.8.0_201-b09), built on Dec 15 2018 18:36:39 by "java_re" with MS VC++ 10.0 (VS2010)

time: Fri Jan 14 19:39:17 2022
timezone: India Standard Time
elapsed time: 5 seconds (0d 0h 0m 5s)

